<?xml version="1.0" encoding="UTF-8"?>
<!-- Generated by org.testng.reporters.JUnitReportReporter -->
<testsuite hostname="LUCIANOPC" failures="0" tests="1" name="remoteTesting.dockerValidation.chromeTest1" time="3.954" errors="0" timestamp="2023-02-24T11:19:40 BRT" skipped="0">
  <testcase classname="remoteTesting.dockerValidation.chromeTest1" name="test1" time="3.954"/>
  <system-out/>
</testsuite> <!-- remoteTesting.dockerValidation.chromeTest1 -->
