<?xml version="1.0" encoding="UTF-8"?>
<!-- Generated by org.testng.reporters.JUnitReportReporter -->
<testsuite hostname="LUCIANOPC" failures="0" tests="1" name="remoteTesting.dockerValidation.chromeTest1" time="24.480" errors="0" timestamp="2023-02-23T15:38:39 BRT" skipped="0">
  <testcase classname="remoteTesting.dockerValidation.chromeTest1" name="test1" time="24.480"/>
  <system-out/>
</testsuite> <!-- remoteTesting.dockerValidation.chromeTest1 -->
