<?xml version="1.0" encoding="UTF-8"?>
<!-- Generated by org.testng.reporters.JUnitReportReporter -->
<testsuite hostname="LUCIANOPC" failures="0" tests="1" name="remoteTesting.dockerValidation.chromeTest3" time="6.991" errors="0" timestamp="2023-02-24T11:19:40 BRT" skipped="0">
  <testcase classname="remoteTesting.dockerValidation.chromeTest3" name="test3" time="6.991"/>
  <system-out/>
</testsuite> <!-- remoteTesting.dockerValidation.chromeTest3 -->
