<?xml version="1.0" encoding="UTF-8"?>
<!-- Generated by org.testng.reporters.JUnitReportReporter -->
<testsuite hostname="LUCIANOPC" failures="0" tests="1" name="remoteTesting.dockerValidation.chromeTest2" time="21.992" errors="0" timestamp="2023-02-23T15:38:39 BRT" skipped="0">
  <testcase classname="remoteTesting.dockerValidation.chromeTest2" name="test2" time="21.992"/>
  <system-out/>
</testsuite> <!-- remoteTesting.dockerValidation.chromeTest2 -->
