<?xml version="1.0" encoding="UTF-8"?>
<!-- Generated by org.testng.reporters.JUnitReportReporter -->
<testsuite hostname="LUCIANOPC" failures="0" tests="1" name="remoteTesting.dockerValidation.chromeTest3" time="27.402" errors="0" timestamp="2023-02-23T15:38:39 BRT" skipped="0">
  <testcase classname="remoteTesting.dockerValidation.chromeTest3" name="test3" time="27.402"/>
  <system-out/>
</testsuite> <!-- remoteTesting.dockerValidation.chromeTest3 -->
