<?xml version="1.0" encoding="UTF-8"?>
<!-- Generated by org.testng.reporters.JUnitReportReporter -->
<testsuite hostname="LUCIANOPC" failures="0" tests="1" name="remoteTesting.dockerValidation.chromeTest2" time="13.468" errors="0" timestamp="2023-02-24T11:25:02 BRT" skipped="0">
  <testcase classname="remoteTesting.dockerValidation.chromeTest2" name="test2" time="13.468"/>
  <system-out/>
</testsuite> <!-- remoteTesting.dockerValidation.chromeTest2 -->
