<?xml version="1.0" encoding="UTF-8"?>
<!-- Generated by org.testng.reporters.JUnitReportReporter -->
<testsuite hostname="LUCIANOPC" failures="0" tests="1" name="remoteTesting.dockerValidation.stopDocker" time="5.011" errors="0" timestamp="2023-02-23T15:31:37 BRT" skipped="0">
  <testcase classname="remoteTesting.dockerValidation.stopDocker" name="stopAndDelete" time="5.011"/>
  <system-out/>
</testsuite> <!-- remoteTesting.dockerValidation.stopDocker -->
