<?xml version="1.0" encoding="UTF-8"?>
<!-- Generated by org.testng.reporters.JUnitReportReporter -->
<testsuite hostname="LUCIANOPC" failures="0" tests="1" name="remoteTesting.dockerValidation.startDocker" time="9.277" errors="0" timestamp="2023-02-23T15:26:23 BRT" skipped="0">
  <testcase classname="remoteTesting.dockerValidation.startDocker" name="startFile" time="9.277"/>
  <system-out/>
</testsuite> <!-- remoteTesting.dockerValidation.startDocker -->
